D:\ZOYEE\CPPDESIGNMODEL\ADAPT\DEBUG\ADAPT.EXE.EMBED.MANIFEST
D:\ZOYEE\CPPDESIGNMODEL\ADAPT\DEBUG\ADAPT.EXE.EMBED.MANIFEST.RES
D:\ZOYEE\CPPDESIGNMODEL\ADAPT\DEBUG\ADAPT.EXE.INTERMEDIATE.MANIFEST
D:\Zoyee\CppDesignModel\Adapt\Debug\Adapt_manifest.rc
D:\ZOYEE\CPPDESIGNMODEL\ADAPT\DEBUG\AMERICANSHORTHAIRCAT.OBJ
D:\ZOYEE\CPPDESIGNMODEL\ADAPT\DEBUG\CAT.OBJ
D:\ZOYEE\CPPDESIGNMODEL\ADAPT\DEBUG\CATHOUSE.OBJ
D:\Zoyee\CppDesignModel\Adapt\Debug\cl.command.1.tlog
D:\Zoyee\CppDesignModel\Adapt\Debug\CL.read.1.tlog
D:\Zoyee\CppDesignModel\Adapt\Debug\CL.write.1.tlog
D:\Zoyee\CppDesignModel\Adapt\Debug\link.command.1.tlog
D:\Zoyee\CppDesignModel\Adapt\Debug\link.read.1.tlog
D:\Zoyee\CppDesignModel\Adapt\Debug\link.write.1.tlog
D:\Zoyee\CppDesignModel\Adapt\Debug\link-cvtres.read.1.tlog
D:\Zoyee\CppDesignModel\Adapt\Debug\link-cvtres.write.1.tlog
D:\ZOYEE\CPPDESIGNMODEL\ADAPT\DEBUG\MAIN.OBJ
D:\Zoyee\CppDesignModel\Adapt\Debug\mt.command.1.tlog
D:\Zoyee\CppDesignModel\Adapt\Debug\mt.read.1.tlog
D:\Zoyee\CppDesignModel\Adapt\Debug\mt.write.1.tlog
D:\Zoyee\CppDesignModel\Adapt\Debug\rc.command.1.tlog
D:\Zoyee\CppDesignModel\Adapt\Debug\rc.read.1.tlog
D:\Zoyee\CppDesignModel\Adapt\Debug\rc.write.1.tlog
D:\Zoyee\CppDesignModel\Adapt\Debug\vc100.idb
D:\ZOYEE\CPPDESIGNMODEL\ADAPT\DEBUG\VC100.PDB
D:\ZOYEE\CPPDESIGNMODEL\DEBUG\ADAPT.EXE
D:\ZOYEE\CPPDESIGNMODEL\DEBUG\ADAPT.ILK
D:\ZOYEE\CPPDESIGNMODEL\DEBUG\ADAPT.PDB
