D:\ZOYEE\CPPDESIGNMODEL\DEBUG\SINGLETON.EXE
D:\ZOYEE\CPPDESIGNMODEL\DEBUG\SINGLETON.ILK
D:\ZOYEE\CPPDESIGNMODEL\DEBUG\SINGLETON.PDB
D:\ZOYEE\CPPDESIGNMODEL\SINGLETON\DEBUG\CAT.OBJ
D:\Zoyee\CppDesignModel\Singleton\Debug\cl.command.1.tlog
D:\Zoyee\CppDesignModel\Singleton\Debug\CL.read.1.tlog
D:\Zoyee\CppDesignModel\Singleton\Debug\CL.write.1.tlog
D:\Zoyee\CppDesignModel\Singleton\Debug\link.command.1.tlog
D:\Zoyee\CppDesignModel\Singleton\Debug\link.read.1.tlog
D:\Zoyee\CppDesignModel\Singleton\Debug\link.write.1.tlog
D:\Zoyee\CppDesignModel\Singleton\Debug\link-cvtres.read.1.tlog
D:\Zoyee\CppDesignModel\Singleton\Debug\link-cvtres.write.1.tlog
D:\ZOYEE\CPPDESIGNMODEL\SINGLETON\DEBUG\MAIN.OBJ
D:\Zoyee\CppDesignModel\Singleton\Debug\mt.command.1.tlog
D:\Zoyee\CppDesignModel\Singleton\Debug\mt.read.1.tlog
D:\Zoyee\CppDesignModel\Singleton\Debug\mt.write.1.tlog
D:\Zoyee\CppDesignModel\Singleton\Debug\rc.command.1.tlog
D:\Zoyee\CppDesignModel\Singleton\Debug\rc.read.1.tlog
D:\Zoyee\CppDesignModel\Singleton\Debug\rc.write.1.tlog
D:\ZOYEE\CPPDESIGNMODEL\SINGLETON\DEBUG\SINGLETON.EXE.EMBED.MANIFEST
D:\ZOYEE\CPPDESIGNMODEL\SINGLETON\DEBUG\SINGLETON.EXE.EMBED.MANIFEST.RES
D:\ZOYEE\CPPDESIGNMODEL\SINGLETON\DEBUG\SINGLETON.EXE.INTERMEDIATE.MANIFEST
D:\Zoyee\CppDesignModel\Singleton\Debug\Singleton_manifest.rc
D:\Zoyee\CppDesignModel\Singleton\Debug\vc100.idb
D:\ZOYEE\CPPDESIGNMODEL\SINGLETON\DEBUG\VC100.PDB
