生成启动时间为 2015/12/30 15:32:49。
     1>项目“D:\Zoyee\CppDesignModel\DesignModel_zoyee\Bridge\Bridge.vcxproj”在节点 2 上(build 个目标)。
     1>InitializeBuildStatus:
         正在创建“Debug\Bridge.unsuccessfulbuild”，因为已指定“AlwaysCreate”。
       ClCompile:
         D:\Program Files (x86)\Microsoft Visual Studio 10.0\VC\bin\CL.exe /c /ZI /nologo /W3 /WX- /Od /Oy- /D WIN32 /D _DEBUG /D _CONSOLE /D _UNICODE /D UNICODE /Gm /EHsc /RTC1 /MDd /GS /fp:precise /Zc:wchar_t /Zc:forScope /Fo"Debug\\" /Fd"Debug\vc100.pdb" /Gd /TP /analyze- /errorReport:prompt CatHouse.cpp ICat.cpp main.cpp
         main.cpp
         ICat.cpp
         CatHouse.cpp
         正在生成代码...
       ManifestResourceCompile:
         c:\Program Files (x86)\Microsoft SDKs\Windows\v7.0A\bin\rc.exe /nologo /fo"Debug\Bridge.exe.embed.manifest.res" Debug\Bridge_manifest.rc 
       Link:
         D:\Program Files (x86)\Microsoft Visual Studio 10.0\VC\bin\link.exe /ERRORREPORT:PROMPT /OUT:"D:\Zoyee\CppDesignModel\DesignModel_zoyee\Debug\Bridge.exe" /INCREMENTAL /NOLOGO kernel32.lib user32.lib gdi32.lib winspool.lib comdlg32.lib advapi32.lib shell32.lib ole32.lib oleaut32.lib uuid.lib odbc32.lib odbccp32.lib /MANIFEST /ManifestFile:"Debug\Bridge.exe.intermediate.manifest" /MANIFESTUAC:"level='asInvoker' uiAccess='false'" /DEBUG /PDB:"D:\Zoyee\CppDesignModel\DesignModel_zoyee\Debug\Bridge.pdb" /SUBSYSTEM:CONSOLE /TLBID:1 /DYNAMICBASE /NXCOMPAT /IMPLIB:"D:\Zoyee\CppDesignModel\DesignModel_zoyee\Debug\Bridge.lib" /MACHINE:X86 Debug\Bridge.exe.embed.manifest.res
         Debug\CatHouse.obj
         Debug\ICat.obj
         Debug\main.obj
       Manifest:
         c:\Program Files (x86)\Microsoft SDKs\Windows\v7.0A\bin\mt.exe /nologo /verbose /out:"Debug\Bridge.exe.embed.manifest" /manifest Debug\Bridge.exe.intermediate.manifest
         所有输出均为最新。
       LinkEmbedManifest:
         所有输出均为最新。
         Bridge.vcxproj -> D:\Zoyee\CppDesignModel\DesignModel_zoyee\Debug\Bridge.exe
       FinalizeBuildStatus:
         正在删除文件“Debug\Bridge.unsuccessfulbuild”。
         正在对“Debug\Bridge.lastbuildstate”执行 Touch 任务。
     1>已完成生成项目“D:\Zoyee\CppDesignModel\DesignModel_zoyee\Bridge\Bridge.vcxproj”(build 个目标)的操作。

生成成功。

已用时间 00:00:01.30
