D:\ZOYEE\CPPDESIGNMODEL\BRIDGE\DEBUG\BRIDGE.EXE.EMBED.MANIFEST
D:\ZOYEE\CPPDESIGNMODEL\BRIDGE\DEBUG\BRIDGE.EXE.EMBED.MANIFEST.RES
D:\ZOYEE\CPPDESIGNMODEL\BRIDGE\DEBUG\BRIDGE.EXE.INTERMEDIATE.MANIFEST
D:\Zoyee\CppDesignModel\Bridge\Debug\Bridge_manifest.rc
D:\ZOYEE\CPPDESIGNMODEL\BRIDGE\DEBUG\CATHOUSE.OBJ
D:\Zoyee\CppDesignModel\Bridge\Debug\cl.command.1.tlog
D:\Zoyee\CppDesignModel\Bridge\Debug\CL.read.1.tlog
D:\Zoyee\CppDesignModel\Bridge\Debug\CL.write.1.tlog
D:\ZOYEE\CPPDESIGNMODEL\BRIDGE\DEBUG\ICAT.OBJ
D:\Zoyee\CppDesignModel\Bridge\Debug\link.command.1.tlog
D:\Zoyee\CppDesignModel\Bridge\Debug\link.read.1.tlog
D:\Zoyee\CppDesignModel\Bridge\Debug\link.write.1.tlog
D:\Zoyee\CppDesignModel\Bridge\Debug\link-cvtres.read.1.tlog
D:\Zoyee\CppDesignModel\Bridge\Debug\link-cvtres.write.1.tlog
D:\ZOYEE\CPPDESIGNMODEL\BRIDGE\DEBUG\MAIN.OBJ
D:\Zoyee\CppDesignModel\Bridge\Debug\mt.command.1.tlog
D:\Zoyee\CppDesignModel\Bridge\Debug\mt.read.1.tlog
D:\Zoyee\CppDesignModel\Bridge\Debug\mt.write.1.tlog
D:\Zoyee\CppDesignModel\Bridge\Debug\rc.command.1.tlog
D:\Zoyee\CppDesignModel\Bridge\Debug\rc.read.1.tlog
D:\Zoyee\CppDesignModel\Bridge\Debug\rc.write.1.tlog
D:\Zoyee\CppDesignModel\Bridge\Debug\vc100.idb
D:\ZOYEE\CPPDESIGNMODEL\BRIDGE\DEBUG\VC100.PDB
D:\ZOYEE\CPPDESIGNMODEL\DEBUG\BRIDGE.EXE
D:\ZOYEE\CPPDESIGNMODEL\DEBUG\BRIDGE.ILK
D:\ZOYEE\CPPDESIGNMODEL\DEBUG\BRIDGE.PDB
