D:\ZOYEE\CPPDESIGNMODEL\DEBUG\FACTORY.EXE
D:\ZOYEE\CPPDESIGNMODEL\DEBUG\FACTORY.ILK
D:\ZOYEE\CPPDESIGNMODEL\DEBUG\FACTORY.PDB
D:\ZOYEE\CPPDESIGNMODEL\FACTORY\DEBUG\AMERICANSHORTHAIRCAT.OBJ
D:\ZOYEE\CPPDESIGNMODEL\FACTORY\DEBUG\AMERICANSHORTHAIRCATHOUSE.OBJ
D:\Zoyee\CppDesignModel\Factory\Debug\cl.command.1.tlog
D:\Zoyee\CppDesignModel\Factory\Debug\CL.read.1.tlog
D:\Zoyee\CppDesignModel\Factory\Debug\CL.write.1.tlog
D:\ZOYEE\CPPDESIGNMODEL\FACTORY\DEBUG\FACTORY.EXE.EMBED.MANIFEST
D:\ZOYEE\CPPDESIGNMODEL\FACTORY\DEBUG\FACTORY.EXE.EMBED.MANIFEST.RES
D:\ZOYEE\CPPDESIGNMODEL\FACTORY\DEBUG\FACTORY.EXE.INTERMEDIATE.MANIFEST
D:\Zoyee\CppDesignModel\Factory\Debug\Factory_manifest.rc
D:\ZOYEE\CPPDESIGNMODEL\FACTORY\DEBUG\ICAT.OBJ
D:\ZOYEE\CPPDESIGNMODEL\FACTORY\DEBUG\ICATHOUSE.OBJ
D:\Zoyee\CppDesignModel\Factory\Debug\link.command.1.tlog
D:\Zoyee\CppDesignModel\Factory\Debug\link.read.1.tlog
D:\Zoyee\CppDesignModel\Factory\Debug\link.write.1.tlog
D:\Zoyee\CppDesignModel\Factory\Debug\link-cvtres.read.1.tlog
D:\Zoyee\CppDesignModel\Factory\Debug\link-cvtres.write.1.tlog
D:\ZOYEE\CPPDESIGNMODEL\FACTORY\DEBUG\MAIN.OBJ
D:\Zoyee\CppDesignModel\Factory\Debug\mt.command.1.tlog
D:\Zoyee\CppDesignModel\Factory\Debug\mt.read.1.tlog
D:\Zoyee\CppDesignModel\Factory\Debug\mt.write.1.tlog
D:\ZOYEE\CPPDESIGNMODEL\FACTORY\DEBUG\PUSSYCAT.OBJ
D:\ZOYEE\CPPDESIGNMODEL\FACTORY\DEBUG\PUSSYCATHOUSE.OBJ
D:\Zoyee\CppDesignModel\Factory\Debug\rc.command.1.tlog
D:\Zoyee\CppDesignModel\Factory\Debug\rc.read.1.tlog
D:\Zoyee\CppDesignModel\Factory\Debug\rc.write.1.tlog
D:\Zoyee\CppDesignModel\Factory\Debug\vc100.idb
D:\ZOYEE\CPPDESIGNMODEL\FACTORY\DEBUG\VC100.PDB
