D:\ZOYEE\CPPDESIGNMODEL\ABSTRACTFACTORY\DEBUG\ABSTRACTFACTORY.EXE.EMBED.MANIFEST
D:\ZOYEE\CPPDESIGNMODEL\ABSTRACTFACTORY\DEBUG\ABSTRACTFACTORY.EXE.EMBED.MANIFEST.RES
D:\ZOYEE\CPPDESIGNMODEL\ABSTRACTFACTORY\DEBUG\ABSTRACTFACTORY.EXE.INTERMEDIATE.MANIFEST
D:\Zoyee\CppDesignModel\AbstractFactory\Debug\AbstractFactory_manifest.rc
D:\Zoyee\CppDesignModel\AbstractFactory\Debug\cl.command.1.tlog
D:\Zoyee\CppDesignModel\AbstractFactory\Debug\CL.read.1.tlog
D:\Zoyee\CppDesignModel\AbstractFactory\Debug\CL.write.1.tlog
D:\ZOYEE\CPPDESIGNMODEL\ABSTRACTFACTORY\DEBUG\ICAT.OBJ
D:\ZOYEE\CPPDESIGNMODEL\ABSTRACTFACTORY\DEBUG\ICATHOUSE.OBJ
D:\ZOYEE\CPPDESIGNMODEL\ABSTRACTFACTORY\DEBUG\IFOREIGNCAT.OBJ
D:\ZOYEE\CPPDESIGNMODEL\ABSTRACTFACTORY\DEBUG\INATIVECAT.OBJ
D:\Zoyee\CppDesignModel\AbstractFactory\Debug\link.4092.read.1.tlog
D:\Zoyee\CppDesignModel\AbstractFactory\Debug\link.4092.write.1.tlog
D:\Zoyee\CppDesignModel\AbstractFactory\Debug\link.4092-cvtres.read.1.tlog
D:\Zoyee\CppDesignModel\AbstractFactory\Debug\link.4092-cvtres.write.1.tlog
D:\Zoyee\CppDesignModel\AbstractFactory\Debug\link.command.1.tlog
D:\Zoyee\CppDesignModel\AbstractFactory\Debug\link.read.1.tlog
D:\Zoyee\CppDesignModel\AbstractFactory\Debug\link.write.1.tlog
D:\Zoyee\CppDesignModel\AbstractFactory\Debug\link-cvtres.read.1.tlog
D:\Zoyee\CppDesignModel\AbstractFactory\Debug\link-cvtres.write.1.tlog
D:\ZOYEE\CPPDESIGNMODEL\ABSTRACTFACTORY\DEBUG\MAIN.OBJ
D:\Zoyee\CppDesignModel\AbstractFactory\Debug\mt.command.1.tlog
D:\Zoyee\CppDesignModel\AbstractFactory\Debug\mt.read.1.tlog
D:\Zoyee\CppDesignModel\AbstractFactory\Debug\mt.write.1.tlog
D:\Zoyee\CppDesignModel\AbstractFactory\Debug\rc.command.1.tlog
D:\Zoyee\CppDesignModel\AbstractFactory\Debug\rc.read.1.tlog
D:\Zoyee\CppDesignModel\AbstractFactory\Debug\rc.write.1.tlog
D:\Zoyee\CppDesignModel\AbstractFactory\Debug\vc100.idb
D:\ZOYEE\CPPDESIGNMODEL\ABSTRACTFACTORY\DEBUG\VC100.PDB
D:\ZOYEE\CPPDESIGNMODEL\DEBUG\ABSTRACTFACTORY.EXE
D:\ZOYEE\CPPDESIGNMODEL\DEBUG\ABSTRACTFACTORY.ILK
D:\ZOYEE\CPPDESIGNMODEL\DEBUG\ABSTRACTFACTORY.PDB
