D:\ZOYEE\CPPDESIGNMODEL\BUILDER\DEBUG\AMERICANSHORTHAIRCAT.OBJ
D:\ZOYEE\CPPDESIGNMODEL\BUILDER\DEBUG\BUILDER.EXE.EMBED.MANIFEST
D:\ZOYEE\CPPDESIGNMODEL\BUILDER\DEBUG\BUILDER.EXE.EMBED.MANIFEST.RES
D:\ZOYEE\CPPDESIGNMODEL\BUILDER\DEBUG\BUILDER.EXE.INTERMEDIATE.MANIFEST
D:\Zoyee\CppDesignModel\Builder\Debug\Builder_manifest.rc
D:\ZOYEE\CPPDESIGNMODEL\BUILDER\DEBUG\CATHOUSE.OBJ
D:\Zoyee\CppDesignModel\Builder\Debug\cl.command.1.tlog
D:\Zoyee\CppDesignModel\Builder\Debug\CL.read.1.tlog
D:\Zoyee\CppDesignModel\Builder\Debug\CL.write.1.tlog
D:\ZOYEE\CPPDESIGNMODEL\BUILDER\DEBUG\ICAT.OBJ
D:\Zoyee\CppDesignModel\Builder\Debug\link.command.1.tlog
D:\Zoyee\CppDesignModel\Builder\Debug\link.read.1.tlog
D:\Zoyee\CppDesignModel\Builder\Debug\link.write.1.tlog
D:\Zoyee\CppDesignModel\Builder\Debug\link-cvtres.read.1.tlog
D:\Zoyee\CppDesignModel\Builder\Debug\link-cvtres.write.1.tlog
D:\ZOYEE\CPPDESIGNMODEL\BUILDER\DEBUG\MAIN.OBJ
D:\Zoyee\CppDesignModel\Builder\Debug\mt.command.1.tlog
D:\Zoyee\CppDesignModel\Builder\Debug\mt.read.1.tlog
D:\Zoyee\CppDesignModel\Builder\Debug\mt.write.1.tlog
D:\ZOYEE\CPPDESIGNMODEL\BUILDER\DEBUG\PUSSYCAT.OBJ
D:\Zoyee\CppDesignModel\Builder\Debug\rc.command.1.tlog
D:\Zoyee\CppDesignModel\Builder\Debug\rc.read.1.tlog
D:\Zoyee\CppDesignModel\Builder\Debug\rc.write.1.tlog
D:\Zoyee\CppDesignModel\Builder\Debug\vc100.idb
D:\ZOYEE\CPPDESIGNMODEL\BUILDER\DEBUG\VC100.PDB
D:\ZOYEE\CPPDESIGNMODEL\DEBUG\BUILDER.EXE
D:\ZOYEE\CPPDESIGNMODEL\DEBUG\BUILDER.ILK
D:\ZOYEE\CPPDESIGNMODEL\DEBUG\BUILDER.PDB
