D:\ZOYEE\CPPDESIGNMODEL\DEBUG\PROPERTY.EXE
D:\ZOYEE\CPPDESIGNMODEL\DEBUG\PROPERTY.ILK
D:\ZOYEE\CPPDESIGNMODEL\DEBUG\PROPERTY.PDB
D:\ZOYEE\CPPDESIGNMODEL\PROPERTY\DEBUG\AMERICANSHORTHAIRCAT.OBJ
D:\Zoyee\CppDesignModel\Property\Debug\cl.command.1.tlog
D:\Zoyee\CppDesignModel\Property\Debug\CL.read.1.tlog
D:\Zoyee\CppDesignModel\Property\Debug\CL.write.1.tlog
D:\ZOYEE\CPPDESIGNMODEL\PROPERTY\DEBUG\ICAT.OBJ
D:\Zoyee\CppDesignModel\Property\Debug\link.10144.read.1.tlog
D:\Zoyee\CppDesignModel\Property\Debug\link.10144.write.1.tlog
D:\Zoyee\CppDesignModel\Property\Debug\link.10144-cvtres.read.1.tlog
D:\Zoyee\CppDesignModel\Property\Debug\link.10144-cvtres.write.1.tlog
D:\Zoyee\CppDesignModel\Property\Debug\link.command.1.tlog
D:\Zoyee\CppDesignModel\Property\Debug\link.read.1.tlog
D:\Zoyee\CppDesignModel\Property\Debug\link.write.1.tlog
D:\Zoyee\CppDesignModel\Property\Debug\link-cvtres.read.1.tlog
D:\Zoyee\CppDesignModel\Property\Debug\link-cvtres.write.1.tlog
D:\ZOYEE\CPPDESIGNMODEL\PROPERTY\DEBUG\MAIN.OBJ
D:\Zoyee\CppDesignModel\Property\Debug\mt.command.1.tlog
D:\Zoyee\CppDesignModel\Property\Debug\mt.read.1.tlog
D:\Zoyee\CppDesignModel\Property\Debug\mt.write.1.tlog
D:\ZOYEE\CPPDESIGNMODEL\PROPERTY\DEBUG\PROPERTY.EXE.EMBED.MANIFEST
D:\ZOYEE\CPPDESIGNMODEL\PROPERTY\DEBUG\PROPERTY.EXE.EMBED.MANIFEST.RES
D:\ZOYEE\CPPDESIGNMODEL\PROPERTY\DEBUG\PROPERTY.EXE.INTERMEDIATE.MANIFEST
D:\Zoyee\CppDesignModel\Property\Debug\Property_manifest.rc
D:\ZOYEE\CPPDESIGNMODEL\PROPERTY\DEBUG\PUSSYCAT.OBJ
D:\Zoyee\CppDesignModel\Property\Debug\rc.command.1.tlog
D:\Zoyee\CppDesignModel\Property\Debug\rc.read.1.tlog
D:\Zoyee\CppDesignModel\Property\Debug\rc.write.1.tlog
D:\Zoyee\CppDesignModel\Property\Debug\vc100.idb
D:\ZOYEE\CPPDESIGNMODEL\PROPERTY\DEBUG\VC100.PDB
