生成启动时间为 2015/12/31 10:36:51。
     1>项目“D:\Zoyee\CppDesignModel\DesignModel_zoyee\TemplateMethod\TemplateMethod.vcxproj”在节点 2 上(build 个目标)。
     1>InitializeBuildStatus:
         正在创建“Debug\TemplateMethod.unsuccessfulbuild”，因为已指定“AlwaysCreate”。
       ClCompile:
         D:\Program Files (x86)\Microsoft Visual Studio 10.0\VC\bin\CL.exe /c /ZI /nologo /W3 /WX- /Od /Oy- /D WIN32 /D _DEBUG /D _CONSOLE /D _UNICODE /D UNICODE /Gm /EHsc /RTC1 /MDd /GS /fp:precise /Zc:wchar_t /Zc:forScope /Fo"Debug\\" /Fd"Debug\vc100.pdb" /Gd /TP /analyze- /errorReport:prompt AbstractClass.cpp TMMain.cpp
         TMMain.cpp
         AbstractClass.cpp
         正在生成代码...
       ManifestResourceCompile:
         c:\Program Files (x86)\Microsoft SDKs\Windows\v7.0A\bin\rc.exe /nologo /fo"Debug\TemplateMethod.exe.embed.manifest.res" Debug\TemplateMethod_manifest.rc 
       Link:
         D:\Program Files (x86)\Microsoft Visual Studio 10.0\VC\bin\link.exe /ERRORREPORT:PROMPT /OUT:"D:\Zoyee\CppDesignModel\DesignModel_zoyee\Debug\TemplateMethod.exe" /INCREMENTAL /NOLOGO kernel32.lib user32.lib gdi32.lib winspool.lib comdlg32.lib advapi32.lib shell32.lib ole32.lib oleaut32.lib uuid.lib odbc32.lib odbccp32.lib /MANIFEST /ManifestFile:"Debug\TemplateMethod.exe.intermediate.manifest" /MANIFESTUAC:"level='asInvoker' uiAccess='false'" /DEBUG /PDB:"D:\Zoyee\CppDesignModel\DesignModel_zoyee\Debug\TemplateMethod.pdb" /SUBSYSTEM:CONSOLE /TLBID:1 /DYNAMICBASE /NXCOMPAT /IMPLIB:"D:\Zoyee\CppDesignModel\DesignModel_zoyee\Debug\TemplateMethod.lib" /MACHINE:X86 Debug\TemplateMethod.exe.embed.manifest.res
         Debug\AbstractClass.obj
         Debug\TMMain.obj
       Manifest:
         c:\Program Files (x86)\Microsoft SDKs\Windows\v7.0A\bin\mt.exe /nologo /verbose /out:"Debug\TemplateMethod.exe.embed.manifest" /manifest Debug\TemplateMethod.exe.intermediate.manifest
         所有输出均为最新。
       LinkEmbedManifest:
         所有输出均为最新。
         TemplateMethod.vcxproj -> D:\Zoyee\CppDesignModel\DesignModel_zoyee\Debug\TemplateMethod.exe
       FinalizeBuildStatus:
         正在删除文件“Debug\TemplateMethod.unsuccessfulbuild”。
         正在对“Debug\TemplateMethod.lastbuildstate”执行 Touch 任务。
     1>已完成生成项目“D:\Zoyee\CppDesignModel\DesignModel_zoyee\TemplateMethod\TemplateMethod.vcxproj”(build 个目标)的操作。

生成成功。

已用时间 00:00:01.30
